<?xml version="1.0" encoding="UTF-8" ?>
<testsuite failures="0" time="0.074" errors="0" skipped="0" tests="73" name="org.cytoscape.equations.FunctionUtilTest">
  <properties>
[...]
</properties>
  <testcase time="0" classname="org.cytoscape.equations.FunctionUtilTest" name="testGetArgAsDoubleWithADoubleArgument"/>
  <testcase time="0" classname="org.cytoscape.equations.FunctionUtilTest" name="testGetArgAsDoubleWithALongArgument"/>
  <testcase time="0" classname="org.cytoscape.equations.FunctionUtilTest" name="testGetArgAsDoubleWithValidStringArgument"/>
  <testcase time="0" classname="org.cytoscape.equations.FunctionUtilTest" name="testGetArgAsDoubleWithBadStringArgument"/>
  <testcase time="0" classname="org.cytoscape.equations.FunctionUtilTest" name="testGetArgAsDoubleWithBooleanArgument"/>
  <testcase time="0" classname="org.cytoscape.equations.FunctionUtilTest" name="testGetArgAsDoubleWithBooleanArgument2"/>
  <testcase time="0" classname="org.cytoscape.equations.FunctionUtilTest" name="testGetArgAsDoubleWithBadArgumentType"/>
  <testcase time="0.001" classname="org.cytoscape.equations.FunctionUtilTest" name="testGetArgAsStringFromBoolean"/>
  <testcase time="0" classname="org.cytoscape.equations.FunctionUtilTest" name="testGetArgAsStringFromBoolean2"/>
  <testcase time="0" classname="org.cytoscape.equations.FunctionUtilTest" name="testGetArgAsStringFromDouble"/>
  <testcase time="0" classname="org.cytoscape.equations.FunctionUtilTest" name="testGetArgAsStringFromString"/>
  <testcase time="0" classname="org.cytoscape.equations.FunctionUtilTest" name="testGetArgAsLongFromDouble"/>
  <testcase time="0" classname="org.cytoscape.equations.FunctionUtilTest" name="testGetArgAsLongFromLong"/>
  <testcase time="0" classname="org.cytoscape.equations.FunctionUtilTest" name="testGetArgAsLongFromBoolean"/>
  <testcase time="0.001" classname="org.cytoscape.equations.FunctionUtilTest" name="testGetArgAsLongFromValidString"/>
  <testcase time="0" classname="org.cytoscape.equations.FunctionUtilTest" name="testGetArgAsLongFromInvalidString"/>
  <testcase time="0.001" classname="org.cytoscape.equations.FunctionUtilTest" name="testGetArgAsLongFromBoolean2"/>
  <testcase time="0" classname="org.cytoscape.equations.FunctionUtilTest" name="testGetArgAsLongWithInvalidTypeAsArgument"/>
  <testcase time="0" classname="org.cytoscape.equations.FunctionUtilTest" name="testGetArgAsBooleanWithNonZeroDouble"/>
  <testcase time="0" classname="org.cytoscape.equations.FunctionUtilTest" name="testGetArgAsBooleanWithZeroDouble"/>
  <testcase time="0" classname="org.cytoscape.equations.FunctionUtilTest" name="testGetArgAsBooleanWithNonZeroLong"/>
  <testcase time="0" classname="org.cytoscape.equations.FunctionUtilTest" name="testGetArgAsBooleanWithZeroLong"/>
  <testcase time="0" classname="org.cytoscape.equations.FunctionUtilTest" name="testGetArgAsBooleanWithTrueValuedString"/>
  <testcase time="0" classname="org.cytoscape.equations.FunctionUtilTest" name="testGetArgAsBooleanWithFalseValuedString"/>
  <testcase time="0" classname="org.cytoscape.equations.FunctionUtilTest" name="testGetArgAsBooleanWithBooleanArgument"/>
  <testcase time="0" classname="org.cytoscape.equations.FunctionUtilTest" name="testGetArgAsBooleanWithInvalidTypeAsArgument"/>
  <testcase time="0.001" classname="org.cytoscape.equations.FunctionUtilTest" name="testGetArgAsBooleanWithInvalidString"/>
  <testcase time="0" classname="org.cytoscape.equations.FunctionUtilTest" name="testNumericallySafeSum"/>
  <testcase time="0" classname="org.cytoscape.equations.FunctionUtilTest" name="testGetOrdinal1"/>
  <testcase time="0" classname="org.cytoscape.equations.FunctionUtilTest" name="testGetOrdinal2"/>
  <testcase time="0" classname="org.cytoscape.equations.FunctionUtilTest" name="testGetOrdinal3"/>
  <testcase time="0" classname="org.cytoscape.equations.FunctionUtilTest" name="testGetOrdinal4"/>
  <testcase time="0" classname="org.cytoscape.equations.FunctionUtilTest" name="testGetOrdinal5"/>
  <testcase time="0" classname="org.cytoscape.equations.FunctionUtilTest" name="testCalcSampleVariance"/>
  <testcase time="0" classname="org.cytoscape.equations.FunctionUtilTest" name="testCalcSampleVarianceWithIllegalArgument"/>
  <testcase time="0.001" classname="org.cytoscape.equations.FunctionUtilTest" name="testListToArray"/>
  <testcase time="0" classname="org.cytoscape.equations.FunctionUtilTest" name="testIsScalarArgTypeWithADoubleArgument"/>
  <testcase time="0" classname="org.cytoscape.equations.FunctionUtilTest" name="testIsScalarArgTypeWithALongArgument"/>
  <testcase time="0" classname="org.cytoscape.equations.FunctionUtilTest" name="testIsScalarArgTypeWithAStringArgument"/>
  <testcase time="0" classname="org.cytoscape.equations.FunctionUtilTest" name="testIsScalarArgTypeWithABooleanArgument"/>
  <testcase time="0" classname="org.cytoscape.equations.FunctionUtilTest" name="testIsScalarArgTypeWithAnIntegerArgument"/>
  <testcase time="0" classname="org.cytoscape.equations.FunctionUtilTest" name="testIsScalarArgTypeWithAListArgument"/>
  <testcase time="0" classname="org.cytoscape.equations.FunctionUtilTest" name="testIsSomeKindOfListWithAListArg"/>
  <testcase time="0" classname="org.cytoscape.equations.FunctionUtilTest" name="testIsSomeKindOfListWithAnArrayListArg"/>
  <testcase time="0" classname="org.cytoscape.equations.FunctionUtilTest" name="testIsSomeKindOfListWithADoubleListArg"/>
  <testcase time="0" classname="org.cytoscape.equations.FunctionUtilTest" name="testIsSomeKindOfListWithAStringListArg"/>
  <testcase time="0" classname="org.cytoscape.equations.FunctionUtilTest" name="testIsSomeKindOfListWithALongListArg"/>
  <testcase time="0" classname="org.cytoscape.equations.FunctionUtilTest" name="testIsSomeKindOfListWithABooleanListArg"/>
  <testcase time="0" classname="org.cytoscape.equations.FunctionUtilTest" name="testIsSomeKindOfListWithAVectorArg"/>
  <testcase time="0" classname="org.cytoscape.equations.FunctionUtilTest" name="testIsSomeKindOfListWithAStackArg"/>
  <testcase time="0" classname="org.cytoscape.equations.FunctionUtilTest" name="testIsSomeKindOfListWithAnAttributeListArg"/>
  <testcase time="0" classname="org.cytoscape.equations.FunctionUtilTest" name="testIsSomeKindOfListWithACopyOnWriteArrayListArg"/>
  <testcase time="0" classname="org.cytoscape.equations.FunctionUtilTest" name="testIsSomeKindOfListWithALinkedListArg"/>
  <testcase time="0" classname="org.cytoscape.equations.FunctionUtilTest" name="testIsSomeKindOfListWithARoleListArg"/>
  <testcase time="0" classname="org.cytoscape.equations.FunctionUtilTest" name="testIsSomeKindOfListWithARoleUnresolvedListArg"/>
  <testcase time="0" classname="org.cytoscape.equations.FunctionUtilTest" name="testIsSomeKindOfListWithAScalarArg"/>
  <testcase time="0" classname="org.cytoscape.equations.FunctionUtilTest" name="testIsSomeKindOfListWithAnArrayArg"/>
  <testcase time="0" classname="org.cytoscape.equations.FunctionUtilTest" name="testAddScalarArgumentTypes"/>
  <testcase time="0" classname="org.cytoscape.equations.FunctionUtilTest" name="testGetDoubles"/>
  <testcase time="0" classname="org.cytoscape.equations.FunctionUtilTest" name="testGetDoubles2"/>
  <testcase time="0.001" classname="org.cytoscape.equations.FunctionUtilTest" name="testGetStrings"/>
  <testcase time="0" classname="org.cytoscape.equations.FunctionUtilTest" name="testGetLongs"/>
  <testcase time="0" classname="org.cytoscape.equations.FunctionUtilTest" name="testGetBooleans"/>
  <testcase time="0" classname="org.cytoscape.equations.FunctionUtilTest" name="testTranslateObjectType1"/>
  <testcase time="0.001" classname="org.cytoscape.equations.FunctionUtilTest" name="testTranslateObjectType2"/>
  <testcase time="0" classname="org.cytoscape.equations.FunctionUtilTest" name="testTranslateObjectType3"/>
  <testcase time="0" classname="org.cytoscape.equations.FunctionUtilTest" name="testTranslateObjectType4"/>
  <testcase time="0" classname="org.cytoscape.equations.FunctionUtilTest" name="testTranslateObjectType5"/>
  <testcase time="0.001" classname="org.cytoscape.equations.FunctionUtilTest" name="testTranslateObjectType6"/>
  <testcase time="0" classname="org.cytoscape.equations.FunctionUtilTest" name="testTranslateObjectType7"/>
  <testcase time="0" classname="org.cytoscape.equations.FunctionUtilTest" name="testTranslateObjectType8"/>
  <testcase time="0.001" classname="org.cytoscape.equations.FunctionUtilTest" name="testTranslateObjectType9"/>
  <testcase time="0" classname="org.cytoscape.equations.FunctionUtilTest" name="testTranslateObjectType10"/>
</testsuite>