<?xml version="1.0" encoding="UTF-8" ?>
<testsuite errors="0" skipped="0" tests="16" time="0" failures="0" name="org.apache.commons.cli.ValueTest">
  <properties>
[...]
</properties>
  <testcase time="0" name="testShortNoArg"/>
  <testcase time="0" name="testShortWithArg"/>
  <testcase time="0" name="testLongNoArg"/>
  <testcase time="0" name="testLongWithArg"/>
  <testcase time="0" name="testShortOptionalArgNoValue"/>
  <testcase time="0" name="testShortOptionalArgValue"/>
  <testcase time="0" name="testLongOptionalNoValue"/>
  <testcase time="0" name="testLongOptionalArgValue"/>
  <testcase time="0" name="testShortOptionalArgValues"/>
  <testcase time="0" name="testLongOptionalArgValues"/>
  <testcase time="0" name="testShortOptionalNArgValues"/>
  <testcase time="0" name="testLongOptionalNArgValues"/>
  <testcase time="0" name="testPropertyOptionSingularValue"/>
  <testcase time="0" name="testPropertyOptionFlags"/>
  <testcase time="0" name="testPropertyOptionMultipleValues"/>
  <testcase time="0" name="testPropertyOverrideValues"/>
</testsuite>