-------------------------------------------------------------------------------
Test set: org.cytoscape.psi_mi.internal.cyto_mapper.MapFromCytoscapeTest
-------------------------------------------------------------------------------
Tests run: 1, Failures: 0, Errors: 1, Skipped: 0, Time elapsed: 0.173 sec <<< FAILURE!
testMapper1(org.cytoscape.psi_mi.internal.cyto_mapper.MapFromCytoscapeTest)  Time elapsed: 0.152 sec  <<< ERROR!
java.lang.Error: Unresolved compilation problems: 
	The import org.cytoscape.psi_mi.internal.schema cannot be resolved
	The import org.cytoscape.psi_mi.internal.schema cannot be resolved
	The import org.cytoscape.psi_mi.internal.schema cannot be resolved
	The import org.cytoscape.psi_mi.internal.schema cannot be resolved
	The import org.cytoscape.psi_mi.internal.schema cannot be resolved
	The import org.cytoscape.psi_mi.internal.schema cannot be resolved
	The import org.cytoscape.psi_mi.internal.schema cannot be resolved
	The import org.cytoscape.psi_mi.internal.schema cannot be resolved
	The import org.cytoscape.psi_mi.internal.schema cannot be resolved
	The import org.cytoscape.psi_mi.internal.schema cannot be resolved
	The import org.cytoscape.psi_mi.internal.schema cannot be resolved
	ProteinInteractorType cannot be resolved to a type
	ExperimentType cannot be resolved to a type
	ProteinInteractorType cannot be resolved to a type
	ProteinInteractorType cannot be resolved to a type
	ExperimentType cannot be resolved to a type
	ExperimentType cannot be resolved to a type
	EntrySet cannot be resolved to a type
	EntrySet cannot be resolved to a type
	EntrySet cannot be resolved to a type
	EntrySet cannot be resolved to a type
	EntrySet cannot be resolved to a type
	EntrySet cannot be resolved to a type
	EntrySet cannot be resolved to a type
	EntrySet cannot be resolved to a type
	ExperimentType cannot be resolved to a type
	ExperimentType cannot be resolved to a type
	EntrySet cannot be resolved to a type
	ProteinInteractorType cannot be resolved to a type
	ProteinInteractorType cannot be resolved to a type
	EntrySet cannot be resolved to a type
	InteractionElementType cannot be resolved to a type
	CvType cannot be resolved to a type
	InteractionElementType cannot be resolved to a type
	ProteinParticipantType cannot be resolved to a type
	CvType cannot be resolved to a type
	CvType cannot be resolved to a type
	NamesType cannot be resolved to a type
	InteractionElementType cannot be resolved to a type
	NamesType cannot be resolved to a type
	XrefType cannot be resolved to a type
	ProteinParticipantType cannot be resolved to a type
	ProteinInteractorType cannot be resolved to a type
	RefType cannot be resolved to a type
	ProteinInteractorType cannot be resolved to a type
	ProteinInteractorType cannot be resolved to a type
	NamesType cannot be resolved to a type
	XrefType cannot be resolved to a type
	DbReferenceType cannot be resolved to a type
	DbReferenceType cannot be resolved to a type
	InteractionElementType cannot be resolved to a type
	InteractionElementType cannot be resolved to a type
	ExperimentType cannot be resolved to a type
	The method extractExperimentReferenceOrElement(Object) from the type MapPsiOneToInteractions refers to the missing type ExperimentType
	ExperimentType cannot be resolved to a type
	RefType cannot be resolved to a type
	RefType cannot be resolved to a type
	RefType cannot be resolved to a type
	ExperimentType cannot be resolved to a type
	ExperimentType cannot be resolved to a type
	ExperimentType cannot be resolved to a type
	CvType cannot be resolved to a type
	NamesType cannot be resolved to a type
	XrefType cannot be resolved to a type
	DbReferenceType cannot be resolved to a type
	ExperimentType cannot be resolved to a type
	BibrefType cannot be resolved to a type
	XrefType cannot be resolved to a type
	DbReferenceType cannot be resolved to a type
	ProteinInteractorType cannot be resolved to a type
	ProteinInteractorType cannot be resolved to a type
	ProteinInteractorType cannot be resolved to a type
	ProteinInteractorType cannot be resolved to a type
	NamesType cannot be resolved to a type

	at org.cytoscape.psi_mi.internal.data_mapper.MapPsiOneToInteractions.<init>(MapPsiOneToInteractions.java:53)
	at org.cytoscape.psi_mi.internal.cyto_mapper.MapFromCytoscapeTest.testMapper1(MapFromCytoscapeTest.java:81)
	at sun.reflect.NativeMethodAccessorImpl.invoke0(Native Method)
	at sun.reflect.NativeMethodAccessorImpl.invoke(NativeMethodAccessorImpl.java:39)
	at sun.reflect.DelegatingMethodAccessorImpl.invoke(DelegatingMethodAccessorImpl.java:25)
	at java.lang.reflect.Method.invoke(Method.java:597)
	at org.junit.runners.model.FrameworkMethod$1.runReflectiveCall(FrameworkMethod.java:44)
	at org.junit.internal.runners.model.ReflectiveCallable.run(ReflectiveCallable.java:15)
	at org.junit.runners.model.FrameworkMethod.invokeExplosively(FrameworkMethod.java:41)
	at org.junit.internal.runners.statements.InvokeMethod.evaluate(InvokeMethod.java:20)
	at org.junit.internal.runners.statements.RunBefores.evaluate(RunBefores.java:28)
	at org.junit.runners.BlockJUnit4ClassRunner.runChild(BlockJUnit4ClassRunner.java:76)
	at org.junit.runners.BlockJUnit4ClassRunner.runChild(BlockJUnit4ClassRunner.java:50)
	at org.junit.runners.ParentRunner$3.run(ParentRunner.java:193)
	at org.junit.runners.ParentRunner$1.schedule(ParentRunner.java:52)
	at org.junit.runners.ParentRunner.runChildren(ParentRunner.java:191)
	at org.junit.runners.ParentRunner.access$000(ParentRunner.java:42)
	at org.junit.runners.ParentRunner$2.evaluate(ParentRunner.java:184)
	at org.junit.runners.ParentRunner.run(ParentRunner.java:236)
	at org.apache.maven.surefire.junit4.JUnit4TestSet.execute(JUnit4TestSet.java:62)
	at org.apache.maven.surefire.suite.AbstractDirectoryTestSuite.executeTestSet(AbstractDirectoryTestSuite.java:140)
	at org.apache.maven.surefire.suite.AbstractDirectoryTestSuite.execute(AbstractDirectoryTestSuite.java:127)
	at org.apache.maven.surefire.Surefire.run(Surefire.java:177)
	at sun.reflect.NativeMethodAccessorImpl.invoke0(Native Method)
	at sun.reflect.NativeMethodAccessorImpl.invoke(NativeMethodAccessorImpl.java:39)
	at sun.reflect.DelegatingMethodAccessorImpl.invoke(DelegatingMethodAccessorImpl.java:25)
	at java.lang.reflect.Method.invoke(Method.java:597)
	at org.apache.maven.surefire.booter.SurefireBooter.runSuitesInProcess(SurefireBooter.java:345)
	at org.apache.maven.surefire.booter.SurefireBooter.main(SurefireBooter.java:1009)

